<?xml version="1.0" encoding="UTF-8"?>
<!-- Generated by org.testng.reporters.JUnitXMLReporter -->
<testsuite hostname="LAP-NNANDURKAR" ignored="0" name="Test" tests="1" failures="1" timestamp="23 Oct 2020 11:48:23 GMT" time="104.201" errors="0">
  <testcase name="verifyTotalTest" time="0.007" classname="practise.AppiumFramework.ECommerceTestCase_4">
    <failure type="java.lang.NullPointerException">
      <![CDATA[java.lang.NullPointerException
at practise.AppiumFramework.ECommerceTestCase_4.verifyTotalTest(ECommerceTestCase_4.java:41)
at java.util.concurrent.ThreadPoolExecutor.runWorker(ThreadPoolExecutor.java:1142)
at java.util.concurrent.ThreadPoolExecutor$Worker.run(ThreadPoolExecutor.java:617)
at java.lang.Thread.run(Thread.java:745)
... Removed 10 stack frames]]>
    </failure>
  </testcase> <!-- verifyTotalTest -->
</testsuite> <!-- Test -->
