<?xml version="1.0" encoding="UTF-8"?>
<testng-results ignored="0" total="1" passed="1" failed="0" skipped="0">
  <reporter-output>
  </reporter-output>
  <suite started-at="2020-09-07T18:50:19Z" name="Suite" finished-at="2020-09-07T18:51:00Z" duration-ms="40969">
    <groups>
    </groups>
    <test started-at="2020-09-07T18:50:19Z" name="Test" finished-at="2020-09-07T18:51:00Z" duration-ms="40969">
      <class name="practise.AppiumFramework.ECommerceTestCase_BrowserStack">
        <test-method is-config="true" signature="init()[pri:0, instance:practise.AppiumFramework.ECommerceTestCase_BrowserStack@45ca843]" started-at="2020-09-07T18:50:19Z" name="init" finished-at="2020-09-07T18:50:43Z" duration-ms="23687" status="PASS">
          <reporter-output>
          </reporter-output>
        </test-method> <!-- init -->
        <test-method signature="verifyTotalTest()[pri:0, instance:practise.AppiumFramework.ECommerceTestCase_BrowserStack@45ca843]" started-at="2020-09-07T18:50:43Z" name="verifyTotalTest" finished-at="2020-09-07T18:51:00Z" duration-ms="16912" status="PASS">
          <reporter-output>
          </reporter-output>
        </test-method> <!-- verifyTotalTest -->
        <test-method is-config="true" signature="tearDown()[pri:0, instance:practise.AppiumFramework.ECommerceTestCase_BrowserStack@45ca843]" started-at="2020-09-07T18:51:00Z" name="tearDown" finished-at="2020-09-07T18:51:00Z" duration-ms="348" status="PASS">
          <reporter-output>
          </reporter-output>
        </test-method> <!-- tearDown -->
      </class> <!-- practise.AppiumFramework.ECommerceTestCase_BrowserStack -->
    </test> <!-- Test -->
  </suite> <!-- Suite -->
</testng-results>
