<?xml version="1.0" encoding="UTF-8"?>
<testsuite xmlns:xsi="http://www.w3.org/2001/XMLSchema-instance" xsi:noNamespaceSchemaLocation="https://maven.apache.org/surefire/maven-surefire-plugin/xsd/surefire-test-report-3.0.xsd" version="3.0" name="TestSuite" time="43.704" tests="1" errors="0" skipped="0" failures="0">
  <properties>
[...]
</properties>
  <testcase name="verifyTotalTest" classname="practise.AppiumFramework.ECommerceTestCase_BrowserStack" time="16.911">
    <system-out><![CDATA[true
]]></system-out>
    <system-err><![CDATA[Sep 08, 2020 12:20:42 AM io.appium.java_client.remote.AppiumCommandExecutor$1 lambda$0
INFO: Detected dialect: OSS
]]></system-err>
  </testcase>
</testsuite>